This file contains any messages produced by compilers while
running configure, to aid debugging if configure makes a mistake.

It was created by lwpr configure 1.2.6, which was
generated by GNU Autoconf 2.69.  Invocation command line was

  $ ./configure --enable-threads=8

## --------- ##
## Platform. ##
## --------- ##

hostname = heart-under-blade
uname -m = x86_64
uname -r = 4.15.0-29-generic
uname -s = Linux
uname -v = #31-Ubuntu SMP Tue Jul 17 15:39:52 UTC 2018

/usr/bin/uname -p = unknown
/bin/uname -X     = unknown

/bin/arch              = unknown
/usr/bin/arch -k       = unknown
/usr/convex/getsysinfo = unknown
/usr/bin/hostinfo      = unknown
/bin/machine           = unknown
/usr/bin/oslevel       = unknown
/bin/universe          = unknown

PATH: /home/olalekan/anaconda3/bin
PATH: .
PATH: /opt/ros/melodic/bin
PATH: /usr/local/cuda-9.1/local/sbin
PATH: /usr/local/bin
PATH: /usr/sbin
PATH: /usr/bin
PATH: /sbin
PATH: /bin
PATH: /usr/games
PATH: /usr/local/games
PATH: /snap/bin


## ----------- ##
## Core tests. ##
## ----------- ##

configure:2497: checking for gcc
configure:2513: found /usr/bin/gcc
configure:2524: result: gcc
configure:2753: checking for C compiler version
configure:2762: gcc --version >&5
gcc (Ubuntu 7.3.0-16ubuntu3) 7.3.0
Copyright (C) 2017 Free Software Foundation, Inc.
This is free software; see the source for copying conditions.  There is NO
warranty; not even for MERCHANTABILITY or FITNESS FOR A PARTICULAR PURPOSE.

configure:2773: $? = 0
configure:2762: gcc -v >&5
Using built-in specs.
COLLECT_GCC=gcc
COLLECT_LTO_WRAPPER=/usr/lib/gcc/x86_64-linux-gnu/7/lto-wrapper
OFFLOAD_TARGET_NAMES=nvptx-none
OFFLOAD_TARGET_DEFAULT=1
Target: x86_64-linux-gnu
Configured with: ../src/configure -v --with-pkgversion='Ubuntu 7.3.0-16ubuntu3' --with-bugurl=file:///usr/share/doc/gcc-7/README.Bugs --enable-languages=c,ada,c++,go,brig,d,fortran,objc,obj-c++ --prefix=/usr --with-gcc-major-version-only --with-as=/usr/bin/x86_64-linux-gnu-as --with-ld=/usr/bin/x86_64-linux-gnu-ld --program-suffix=-7 --program-prefix=x86_64-linux-gnu- --enable-shared --enable-linker-build-id --libexecdir=/usr/lib --without-included-gettext --enable-threads=posix --libdir=/usr/lib --enable-nls --with-sysroot=/ --enable-clocale=gnu --enable-libstdcxx-debug --enable-libstdcxx-time=yes --with-default-libstdcxx-abi=new --enable-gnu-unique-object --disable-vtable-verify --enable-libmpx --enable-plugin --enable-default-pie --with-system-zlib --with-target-system-zlib --enable-objc-gc=auto --enable-multiarch --disable-werror --with-arch-32=i686 --with-abi=m64 --with-multilib-list=m32,m64,mx32 --enable-multilib --with-tune=generic --enable-offload-targets=nvptx-none --without-cuda-driver --enable-checking=release --build=x86_64-linux-gnu --host=x86_64-linux-gnu --target=x86_64-linux-gnu
Thread model: posix
gcc version 7.3.0 (Ubuntu 7.3.0-16ubuntu3) 
configure:2773: $? = 0
configure:2762: gcc -V >&5
gcc: error: unrecognized command line option '-V'
gcc: fatal error: no input files
compilation terminated.
configure:2773: $? = 1
configure:2762: gcc -qversion >&5
gcc: error: unrecognized command line option '-qversion'; did you mean '--version'?
gcc: fatal error: no input files
compilation terminated.
configure:2773: $? = 1
configure:2793: checking whether the C compiler works
configure:2815: gcc    conftest.c  >&5
configure:2819: $? = 0
configure:2867: result: yes
configure:2870: checking for C compiler default output file name
configure:2872: result: a.out
configure:2878: checking for suffix of executables
configure:2885: gcc -o conftest    conftest.c  >&5
configure:2889: $? = 0
configure:2911: result: 
configure:2933: checking whether we are cross compiling
configure:2941: gcc -o conftest    conftest.c  >&5
configure:2945: $? = 0
configure:2952: ./conftest
configure:2956: $? = 0
configure:2971: result: no
configure:2976: checking for suffix of object files
configure:2998: gcc -c   conftest.c >&5
configure:3002: $? = 0
configure:3023: result: o
configure:3027: checking whether we are using the GNU C compiler
configure:3046: gcc -c   conftest.c >&5
configure:3046: $? = 0
configure:3055: result: yes
configure:3064: checking whether gcc accepts -g
configure:3084: gcc -c -g  conftest.c >&5
configure:3084: $? = 0
configure:3125: result: yes
configure:3142: checking for gcc option to accept ISO C89
configure:3205: gcc  -c -g -O2  conftest.c >&5
configure:3205: $? = 0
configure:3218: result: none needed
configure:3243: checking whether gcc understands -c and -o together
configure:3265: gcc -c conftest.c -o conftest2.o
configure:3268: $? = 0
configure:3265: gcc -c conftest.c -o conftest2.o
configure:3268: $? = 0
configure:3280: result: yes
configure:3347: checking for ar
configure:3363: found /usr/bin/ar
configure:3374: result: ar
configure:3400: checking the archiver (ar) interface
configure:3416: gcc -c -g -O2  conftest.c >&5
configure:3416: $? = 0
configure:3418: ar cru libconftest.a conftest.o >&5
ar: `u' modifier ignored since `D' is the default (see `U')
configure:3421: $? = 0
configure:3449: result: ar
configure:3498: checking build system type
configure:3512: result: x86_64-unknown-linux-gnu
configure:3532: checking host system type
configure:3545: result: x86_64-unknown-linux-gnu
configure:3586: checking how to print strings
configure:3613: result: printf
configure:3634: checking for a sed that does not truncate output
configure:3698: result: /bin/sed
configure:3716: checking for grep that handles long lines and -e
configure:3774: result: /bin/grep
configure:3779: checking for egrep
configure:3841: result: /bin/grep -E
configure:3846: checking for fgrep
configure:3908: result: /bin/grep -F
configure:3943: checking for ld used by gcc
configure:4010: result: /usr/bin/x86_64-linux-gnu-ld
configure:4017: checking if the linker (/usr/bin/x86_64-linux-gnu-ld) is GNU ld
configure:4032: result: yes
configure:4044: checking for BSD- or MS-compatible name lister (nm)
configure:4093: result: /usr/bin/nm -B
configure:4223: checking the name lister (/usr/bin/nm -B) interface
configure:4230: gcc -c -g -O2  conftest.c >&5
configure:4233: /usr/bin/nm -B "conftest.o"
configure:4236: output
0000000000000000 B some_variable
configure:4243: result: BSD nm
configure:4246: checking whether ln -s works
configure:4250: result: yes
configure:4258: checking the maximum length of command line arguments
configure:4389: result: 1572864
configure:4406: checking whether the shell understands some XSI constructs
configure:4416: result: yes
configure:4420: checking whether the shell understands "+="
configure:4426: result: yes
configure:4461: checking how to convert x86_64-unknown-linux-gnu file names to x86_64-unknown-linux-gnu format
configure:4501: result: func_convert_file_noop
configure:4508: checking how to convert x86_64-unknown-linux-gnu file names to toolchain format
configure:4528: result: func_convert_file_noop
configure:4535: checking for /usr/bin/x86_64-linux-gnu-ld option to reload object files
configure:4542: result: -r
configure:4616: checking for objdump
configure:4632: found /usr/bin/objdump
configure:4643: result: objdump
configure:4675: checking how to recognize dependent libraries
configure:4873: result: pass_all
configure:4958: checking for dlltool
configure:4988: result: no
configure:5018: checking how to associate runtime and link libraries
configure:5045: result: printf %s\n
configure:5169: checking for archiver @FILE support
configure:5186: gcc -c -g -O2  conftest.c >&5
configure:5186: $? = 0
configure:5189: ar cru libconftest.a @conftest.lst >&5
ar: `u' modifier ignored since `D' is the default (see `U')
configure:5192: $? = 0
configure:5197: ar cru libconftest.a @conftest.lst >&5
ar: `u' modifier ignored since `D' is the default (see `U')
ar: conftest.o: No such file or directory
configure:5200: $? = 1
configure:5212: result: @
configure:5270: checking for strip
configure:5286: found /usr/bin/strip
configure:5297: result: strip
configure:5369: checking for ranlib
configure:5385: found /usr/bin/ranlib
configure:5396: result: ranlib
configure:5473: checking for gawk
configure:5503: result: no
configure:5473: checking for mawk
configure:5489: found /usr/bin/mawk
configure:5500: result: mawk
configure:5540: checking command to parse /usr/bin/nm -B output from gcc object
configure:5660: gcc -c -g -O2  conftest.c >&5
configure:5663: $? = 0
configure:5667: /usr/bin/nm -B conftest.o \| sed -n -e 's/^.*[ ]\([ABCDGIRSTW][ABCDGIRSTW]*\)[ ][ ]*\([_A-Za-z][_A-Za-z0-9]*\)$/\1 \2 \2/p' | sed '/ __gnu_lto/d' \> conftest.nm
configure:5670: $? = 0
configure:5736: gcc -o conftest -g -O2   conftest.c conftstm.o >&5
configure:5739: $? = 0
configure:5777: result: ok
configure:5814: checking for sysroot
configure:5844: result: no
configure:5921: gcc -c -g -O2  conftest.c >&5
configure:5924: $? = 0
configure:6113: checking for mt
configure:6129: found /bin/mt
configure:6140: result: mt
configure:6163: checking if mt is a manifest tool
configure:6169: mt '-?'
configure:6177: result: no
configure:6819: checking how to run the C preprocessor
configure:6850: gcc -E  conftest.c
configure:6850: $? = 0
configure:6864: gcc -E  conftest.c
conftest.c:9:10: fatal error: ac_nonexistent.h: No such file or directory
 #include <ac_nonexistent.h>
          ^~~~~~~~~~~~~~~~~~
compilation terminated.
configure:6864: $? = 1
configure: failed program was:
| /* confdefs.h */
| #define PACKAGE_NAME "lwpr"
| #define PACKAGE_TARNAME "lwpr"
| #define PACKAGE_VERSION "1.2.6"
| #define PACKAGE_STRING "lwpr 1.2.6"
| #define PACKAGE_BUGREPORT "sethu.vijayakumar@ed.ac.uk"
| #define PACKAGE_URL ""
| /* end confdefs.h.  */
| #include <ac_nonexistent.h>
configure:6889: result: gcc -E
configure:6909: gcc -E  conftest.c
configure:6909: $? = 0
configure:6923: gcc -E  conftest.c
conftest.c:9:10: fatal error: ac_nonexistent.h: No such file or directory
 #include <ac_nonexistent.h>
          ^~~~~~~~~~~~~~~~~~
compilation terminated.
configure:6923: $? = 1
configure: failed program was:
| /* confdefs.h */
| #define PACKAGE_NAME "lwpr"
| #define PACKAGE_TARNAME "lwpr"
| #define PACKAGE_VERSION "1.2.6"
| #define PACKAGE_STRING "lwpr 1.2.6"
| #define PACKAGE_BUGREPORT "sethu.vijayakumar@ed.ac.uk"
| #define PACKAGE_URL ""
| /* end confdefs.h.  */
| #include <ac_nonexistent.h>
configure:6952: checking for ANSI C header files
configure:6972: gcc -c -g -O2  conftest.c >&5
configure:6972: $? = 0
configure:7045: gcc -o conftest -g -O2   conftest.c  >&5
configure:7045: $? = 0
configure:7045: ./conftest
configure:7045: $? = 0
configure:7056: result: yes
configure:7069: checking for sys/types.h
configure:7069: gcc -c -g -O2  conftest.c >&5
configure:7069: $? = 0
configure:7069: result: yes
configure:7069: checking for sys/stat.h
configure:7069: gcc -c -g -O2  conftest.c >&5
configure:7069: $? = 0
configure:7069: result: yes
configure:7069: checking for stdlib.h
configure:7069: gcc -c -g -O2  conftest.c >&5
configure:7069: $? = 0
configure:7069: result: yes
configure:7069: checking for string.h
configure:7069: gcc -c -g -O2  conftest.c >&5
configure:7069: $? = 0
configure:7069: result: yes
configure:7069: checking for memory.h
configure:7069: gcc -c -g -O2  conftest.c >&5
configure:7069: $? = 0
configure:7069: result: yes
configure:7069: checking for strings.h
configure:7069: gcc -c -g -O2  conftest.c >&5
configure:7069: $? = 0
configure:7069: result: yes
configure:7069: checking for inttypes.h
configure:7069: gcc -c -g -O2  conftest.c >&5
configure:7069: $? = 0
configure:7069: result: yes
configure:7069: checking for stdint.h
configure:7069: gcc -c -g -O2  conftest.c >&5
configure:7069: $? = 0
configure:7069: result: yes
configure:7069: checking for unistd.h
configure:7069: gcc -c -g -O2  conftest.c >&5
configure:7069: $? = 0
configure:7069: result: yes
configure:7083: checking for dlfcn.h
configure:7083: gcc -c -g -O2  conftest.c >&5
configure:7083: $? = 0
configure:7083: result: yes
configure:7289: checking for objdir
configure:7304: result: .libs
configure:7575: checking if gcc supports -fno-rtti -fno-exceptions
configure:7593: gcc -c -g -O2  -fno-rtti -fno-exceptions conftest.c >&5
cc1: warning: command line option '-fno-rtti' is valid for C++/ObjC++ but not for C
configure:7597: $? = 0
configure:7610: result: no
configure:7937: checking for gcc option to produce PIC
configure:7944: result: -fPIC -DPIC
configure:7952: checking if gcc PIC flag -fPIC -DPIC works
configure:7970: gcc -c -g -O2  -fPIC -DPIC -DPIC conftest.c >&5
configure:7974: $? = 0
configure:7987: result: yes
configure:8016: checking if gcc static flag -static works
configure:8044: result: yes
configure:8059: checking if gcc supports -c -o file.o
configure:8080: gcc -c -g -O2  -o out/conftest2.o conftest.c >&5
configure:8084: $? = 0
configure:8106: result: yes
configure:8114: checking if gcc supports -c -o file.o
configure:8161: result: yes
configure:8194: checking whether the gcc linker (/usr/bin/x86_64-linux-gnu-ld -m elf_x86_64) supports shared libraries
configure:9351: result: yes
configure:9388: checking whether -lc should be explicitly linked in
configure:9396: gcc -c -g -O2  conftest.c >&5
configure:9399: $? = 0
configure:9414: gcc -shared  -fPIC -DPIC conftest.o  -v -Wl,-soname -Wl,conftest -o conftest 2\>\&1 \| /bin/grep  -lc  \>/dev/null 2\>\&1
configure:9417: $? = 0
configure:9431: result: no
configure:9591: checking dynamic linker characteristics
configure:10091: gcc -o conftest -g -O2   -Wl,-rpath -Wl,/foo conftest.c  >&5
configure:10091: $? = 0
configure:10325: result: GNU/Linux ld.so
configure:10432: checking how to hardcode library paths into programs
configure:10457: result: immediate
configure:10997: checking whether stripping libraries is possible
configure:11002: result: yes
configure:11037: checking if libtool supports shared libraries
configure:11039: result: yes
configure:11042: checking whether to build shared libraries
configure:11063: result: yes
configure:11066: checking whether to build static libraries
configure:11070: result: yes
configure:11156: checking for gcc
configure:11183: result: gcc
configure:11412: checking for C compiler version
configure:11421: gcc --version >&5
gcc (Ubuntu 7.3.0-16ubuntu3) 7.3.0
Copyright (C) 2017 Free Software Foundation, Inc.
This is free software; see the source for copying conditions.  There is NO
warranty; not even for MERCHANTABILITY or FITNESS FOR A PARTICULAR PURPOSE.

configure:11432: $? = 0
configure:11421: gcc -v >&5
Using built-in specs.
COLLECT_GCC=gcc
COLLECT_LTO_WRAPPER=/usr/lib/gcc/x86_64-linux-gnu/7/lto-wrapper
OFFLOAD_TARGET_NAMES=nvptx-none
OFFLOAD_TARGET_DEFAULT=1
Target: x86_64-linux-gnu
Configured with: ../src/configure -v --with-pkgversion='Ubuntu 7.3.0-16ubuntu3' --with-bugurl=file:///usr/share/doc/gcc-7/README.Bugs --enable-languages=c,ada,c++,go,brig,d,fortran,objc,obj-c++ --prefix=/usr --with-gcc-major-version-only --with-as=/usr/bin/x86_64-linux-gnu-as --with-ld=/usr/bin/x86_64-linux-gnu-ld --program-suffix=-7 --program-prefix=x86_64-linux-gnu- --enable-shared --enable-linker-build-id --libexecdir=/usr/lib --without-included-gettext --enable-threads=posix --libdir=/usr/lib --enable-nls --with-sysroot=/ --enable-clocale=gnu --enable-libstdcxx-debug --enable-libstdcxx-time=yes --with-default-libstdcxx-abi=new --enable-gnu-unique-object --disable-vtable-verify --enable-libmpx --enable-plugin --enable-default-pie --with-system-zlib --with-target-system-zlib --enable-objc-gc=auto --enable-multiarch --disable-werror --with-arch-32=i686 --with-abi=m64 --with-multilib-list=m32,m64,mx32 --enable-multilib --with-tune=generic --enable-offload-targets=nvptx-none --without-cuda-driver --enable-checking=release --build=x86_64-linux-gnu --host=x86_64-linux-gnu --target=x86_64-linux-gnu
Thread model: posix
gcc version 7.3.0 (Ubuntu 7.3.0-16ubuntu3) 
configure:11432: $? = 0
configure:11421: gcc -V >&5
gcc: error: unrecognized command line option '-V'
gcc: fatal error: no input files
compilation terminated.
configure:11432: $? = 1
configure:11421: gcc -qversion >&5
gcc: error: unrecognized command line option '-qversion'; did you mean '--version'?
gcc: fatal error: no input files
compilation terminated.
configure:11432: $? = 1
configure:11436: checking whether we are using the GNU C compiler
configure:11464: result: yes
configure:11473: checking whether gcc accepts -g
configure:11534: result: yes
configure:11551: checking for gcc option to accept ISO C89
configure:11627: result: none needed
configure:11652: checking whether gcc understands -c and -o together
configure:11689: result: yes
configure:11765: checking for g++
configure:11781: found /usr/bin/g++
configure:11792: result: g++
configure:11819: checking for C++ compiler version
configure:11828: g++ --version >&5
g++ (Ubuntu 7.3.0-16ubuntu3) 7.3.0
Copyright (C) 2017 Free Software Foundation, Inc.
This is free software; see the source for copying conditions.  There is NO
warranty; not even for MERCHANTABILITY or FITNESS FOR A PARTICULAR PURPOSE.

configure:11839: $? = 0
configure:11828: g++ -v >&5
Using built-in specs.
COLLECT_GCC=g++
COLLECT_LTO_WRAPPER=/usr/lib/gcc/x86_64-linux-gnu/7/lto-wrapper
OFFLOAD_TARGET_NAMES=nvptx-none
OFFLOAD_TARGET_DEFAULT=1
Target: x86_64-linux-gnu
Configured with: ../src/configure -v --with-pkgversion='Ubuntu 7.3.0-16ubuntu3' --with-bugurl=file:///usr/share/doc/gcc-7/README.Bugs --enable-languages=c,ada,c++,go,brig,d,fortran,objc,obj-c++ --prefix=/usr --with-gcc-major-version-only --with-as=/usr/bin/x86_64-linux-gnu-as --with-ld=/usr/bin/x86_64-linux-gnu-ld --program-suffix=-7 --program-prefix=x86_64-linux-gnu- --enable-shared --enable-linker-build-id --libexecdir=/usr/lib --without-included-gettext --enable-threads=posix --libdir=/usr/lib --enable-nls --with-sysroot=/ --enable-clocale=gnu --enable-libstdcxx-debug --enable-libstdcxx-time=yes --with-default-libstdcxx-abi=new --enable-gnu-unique-object --disable-vtable-verify --enable-libmpx --enable-plugin --enable-default-pie --with-system-zlib --with-target-system-zlib --enable-objc-gc=auto --enable-multiarch --disable-werror --with-arch-32=i686 --with-abi=m64 --with-multilib-list=m32,m64,mx32 --enable-multilib --with-tune=generic --enable-offload-targets=nvptx-none --without-cuda-driver --enable-checking=release --build=x86_64-linux-gnu --host=x86_64-linux-gnu --target=x86_64-linux-gnu
Thread model: posix
gcc version 7.3.0 (Ubuntu 7.3.0-16ubuntu3) 
configure:11839: $? = 0
configure:11828: g++ -V >&5
g++: error: unrecognized command line option '-V'
g++: fatal error: no input files
compilation terminated.
configure:11839: $? = 1
configure:11828: g++ -qversion >&5
g++: error: unrecognized command line option '-qversion'; did you mean '--version'?
g++: fatal error: no input files
compilation terminated.
configure:11839: $? = 1
configure:11843: checking whether we are using the GNU C++ compiler
configure:11862: g++ -c   conftest.cpp >&5
configure:11862: $? = 0
configure:11871: result: yes
configure:11880: checking whether g++ accepts -g
configure:11900: g++ -c -g  conftest.cpp >&5
configure:11900: $? = 0
configure:11941: result: yes
configure:11982: checking how to run the C++ preprocessor
configure:12009: g++ -E  conftest.cpp
configure:12009: $? = 0
configure:12023: g++ -E  conftest.cpp
conftest.cpp:21:10: fatal error: ac_nonexistent.h: No such file or directory
 #include <ac_nonexistent.h>
          ^~~~~~~~~~~~~~~~~~
compilation terminated.
configure:12023: $? = 1
configure: failed program was:
| /* confdefs.h */
| #define PACKAGE_NAME "lwpr"
| #define PACKAGE_TARNAME "lwpr"
| #define PACKAGE_VERSION "1.2.6"
| #define PACKAGE_STRING "lwpr 1.2.6"
| #define PACKAGE_BUGREPORT "sethu.vijayakumar@ed.ac.uk"
| #define PACKAGE_URL ""
| #define STDC_HEADERS 1
| #define HAVE_SYS_TYPES_H 1
| #define HAVE_SYS_STAT_H 1
| #define HAVE_STDLIB_H 1
| #define HAVE_STRING_H 1
| #define HAVE_MEMORY_H 1
| #define HAVE_STRINGS_H 1
| #define HAVE_INTTYPES_H 1
| #define HAVE_STDINT_H 1
| #define HAVE_UNISTD_H 1
| #define HAVE_DLFCN_H 1
| #define LT_OBJDIR ".libs/"
| /* end confdefs.h.  */
| #include <ac_nonexistent.h>
configure:12048: result: g++ -E
configure:12068: g++ -E  conftest.cpp
configure:12068: $? = 0
configure:12082: g++ -E  conftest.cpp
conftest.cpp:21:10: fatal error: ac_nonexistent.h: No such file or directory
 #include <ac_nonexistent.h>
          ^~~~~~~~~~~~~~~~~~
compilation terminated.
configure:12082: $? = 1
configure: failed program was:
| /* confdefs.h */
| #define PACKAGE_NAME "lwpr"
| #define PACKAGE_TARNAME "lwpr"
| #define PACKAGE_VERSION "1.2.6"
| #define PACKAGE_STRING "lwpr 1.2.6"
| #define PACKAGE_BUGREPORT "sethu.vijayakumar@ed.ac.uk"
| #define PACKAGE_URL ""
| #define STDC_HEADERS 1
| #define HAVE_SYS_TYPES_H 1
| #define HAVE_SYS_STAT_H 1
| #define HAVE_STDLIB_H 1
| #define HAVE_STRING_H 1
| #define HAVE_MEMORY_H 1
| #define HAVE_STRINGS_H 1
| #define HAVE_INTTYPES_H 1
| #define HAVE_STDINT_H 1
| #define HAVE_UNISTD_H 1
| #define HAVE_DLFCN_H 1
| #define LT_OBJDIR ".libs/"
| /* end confdefs.h.  */
| #include <ac_nonexistent.h>
configure:12251: checking for ld used by g++
configure:12318: result: /usr/bin/x86_64-linux-gnu-ld -m elf_x86_64
configure:12325: checking if the linker (/usr/bin/x86_64-linux-gnu-ld -m elf_x86_64) is GNU ld
configure:12340: result: yes
configure:12395: checking whether the g++ linker (/usr/bin/x86_64-linux-gnu-ld -m elf_x86_64) supports shared libraries
configure:13397: result: yes
configure:13433: g++ -c -g -O2  conftest.cpp >&5
configure:13436: $? = 0
configure:13956: checking for g++ option to produce PIC
configure:13963: result: -fPIC -DPIC
configure:13971: checking if g++ PIC flag -fPIC -DPIC works
configure:13989: g++ -c -g -O2  -fPIC -DPIC -DPIC conftest.cpp >&5
configure:13993: $? = 0
configure:14006: result: yes
configure:14029: checking if g++ static flag -static works
configure:14057: result: yes
configure:14069: checking if g++ supports -c -o file.o
configure:14090: g++ -c -g -O2  -o out/conftest2.o conftest.cpp >&5
configure:14094: $? = 0
configure:14116: result: yes
configure:14121: checking if g++ supports -c -o file.o
configure:14168: result: yes
configure:14198: checking whether the g++ linker (/usr/bin/x86_64-linux-gnu-ld -m elf_x86_64) supports shared libraries
configure:14237: result: yes
configure:14378: checking dynamic linker characteristics
configure:15046: result: GNU/Linux ld.so
configure:15099: checking how to hardcode library paths into programs
configure:15124: result: immediate
configure:15182: checking for a BSD-compatible install
configure:15250: result: /usr/bin/install -c
configure:15261: checking whether build environment is sane
configure:15316: result: yes
configure:15464: checking for a thread-safe mkdir -p
configure:15503: result: /bin/mkdir -p
configure:15506: checking whether make sets $(MAKE)
configure:15528: result: yes
configure:15558: checking for style of include used by make
configure:15586: result: GNU
configure:15620: checking whether make supports nested variables
configure:15637: result: yes
configure:15722: checking dependency style of gcc
configure:15833: result: gcc3
configure:15850: checking dependency style of g++
configure:15961: result: gcc3
configure:16020: checking for XML_ParserCreate in -lexpat
configure:16045: gcc -o conftest -g -O2   conftest.c -lexpat   >&5
configure:16045: $? = 0
configure:16054: result: yes
configure:16065: checking for sqrt in -lm
configure:16090: gcc -o conftest -g -O2   conftest.c -lm  -lexpat  >&5
conftest.c:31:6: warning: conflicting types for built-in function 'sqrt' [-Wbuiltin-declaration-mismatch]
 char sqrt ();
      ^~~~
configure:16090: $? = 0
configure:16099: result: yes
configure:16110: checking for pthread_create in -lpthread
configure:16135: gcc -o conftest -g -O2   conftest.c -lpthread  -lm -lexpat  >&5
configure:16135: $? = 0
configure:16144: result: yes
configure:16158: checking for memset
configure:16158: gcc -o conftest -g -O2   conftest.c -lpthread -lm -lexpat  >&5
conftest.c:49:6: warning: conflicting types for built-in function 'memset' [-Wbuiltin-declaration-mismatch]
 char memset ();
      ^~~~~~
configure:16158: $? = 0
configure:16158: result: yes
configure:16169: checking for strcasecmp
configure:16169: gcc -o conftest -g -O2   conftest.c -lpthread -lm -lexpat  >&5
conftest.c:50:6: warning: conflicting types for built-in function 'strcasecmp' [-Wbuiltin-declaration-mismatch]
 char strcasecmp ();
      ^~~~~~~~~~
configure:16169: $? = 0
configure:16169: result: yes
configure:16180: checking for strtol
configure:16180: gcc -o conftest -g -O2   conftest.c -lpthread -lm -lexpat  >&5
configure:16180: $? = 0
configure:16180: result: yes
configure:16190: checking for an ANSI C-conforming const
configure:16256: gcc -c -g -O2  conftest.c >&5
configure:16256: $? = 0
configure:16263: result: yes
configure:16271: checking for error_at_line
configure:16287: gcc -o conftest -g -O2   conftest.c -lpthread -lm -lexpat  >&5
configure:16287: $? = 0
configure:16295: result: yes
configure:16308: checking for stdlib.h
configure:16308: result: yes
configure:16318: checking for GNU libc compatible malloc
configure:16342: gcc -o conftest -g -O2   conftest.c -lpthread -lm -lexpat  >&5
configure:16342: $? = 0
configure:16342: ./conftest
configure:16342: $? = 0
configure:16352: result: yes
configure:16373: checking for working strtod
configure:16414: gcc -o conftest -g -O2   conftest.c -lpthread -lm -lexpat  >&5
configure:16414: $? = 0
configure:16414: ./conftest
configure:16414: $? = 0
configure:16424: result: yes
configure:16486: checking for size_t
configure:16486: gcc -c -g -O2  conftest.c >&5
configure:16486: $? = 0
configure:16486: gcc -c -g -O2  conftest.c >&5
conftest.c: In function 'main':
conftest.c:67:21: error: expected expression before ')' token
 if (sizeof ((size_t)))
                     ^
configure:16486: $? = 1
configure: failed program was:
| /* confdefs.h */
| #define PACKAGE_NAME "lwpr"
| #define PACKAGE_TARNAME "lwpr"
| #define PACKAGE_VERSION "1.2.6"
| #define PACKAGE_STRING "lwpr 1.2.6"
| #define PACKAGE_BUGREPORT "sethu.vijayakumar@ed.ac.uk"
| #define PACKAGE_URL ""
| #define STDC_HEADERS 1
| #define HAVE_SYS_TYPES_H 1
| #define HAVE_SYS_STAT_H 1
| #define HAVE_STDLIB_H 1
| #define HAVE_STRING_H 1
| #define HAVE_MEMORY_H 1
| #define HAVE_STRINGS_H 1
| #define HAVE_INTTYPES_H 1
| #define HAVE_STDINT_H 1
| #define HAVE_UNISTD_H 1
| #define HAVE_DLFCN_H 1
| #define LT_OBJDIR ".libs/"
| #define PACKAGE "lwpr"
| #define VERSION "1.2.6"
| #define HAVE_LIBEXPAT 1
| #define HAVE_LIBM 1
| #define HAVE_LIBPTHREAD 1
| #define HAVE_MEMSET 1
| #define HAVE_STRCASECMP 1
| #define HAVE_STRTOL 1
| #define HAVE_STDLIB_H 1
| #define HAVE_MALLOC 1
| /* end confdefs.h.  */
| #include <stdio.h>
| #ifdef HAVE_SYS_TYPES_H
| # include <sys/types.h>
| #endif
| #ifdef HAVE_SYS_STAT_H
| # include <sys/stat.h>
| #endif
| #ifdef STDC_HEADERS
| # include <stdlib.h>
| # include <stddef.h>
| #else
| # ifdef HAVE_STDLIB_H
| #  include <stdlib.h>
| # endif
| #endif
| #ifdef HAVE_STRING_H
| # if !defined STDC_HEADERS && defined HAVE_MEMORY_H
| #  include <memory.h>
| # endif
| # include <string.h>
| #endif
| #ifdef HAVE_STRINGS_H
| # include <strings.h>
| #endif
| #ifdef HAVE_INTTYPES_H
| # include <inttypes.h>
| #endif
| #ifdef HAVE_STDINT_H
| # include <stdint.h>
| #endif
| #ifdef HAVE_UNISTD_H
| # include <unistd.h>
| #endif
| int
| main ()
| {
| if (sizeof ((size_t)))
| 	    return 0;
|   ;
|   return 0;
| }
configure:16486: result: yes
configure:16498: checking for stdbool.h that conforms to C99
configure:16565: gcc -c -g -O2  conftest.c >&5
configure:16565: $? = 0
configure:16572: result: yes
configure:16574: checking for _Bool
configure:16574: gcc -c -g -O2  conftest.c >&5
configure:16574: $? = 0
configure:16574: gcc -c -g -O2  conftest.c >&5
conftest.c: In function 'main':
conftest.c:67:20: error: expected expression before ')' token
 if (sizeof ((_Bool)))
                    ^
configure:16574: $? = 1
configure: failed program was:
| /* confdefs.h */
| #define PACKAGE_NAME "lwpr"
| #define PACKAGE_TARNAME "lwpr"
| #define PACKAGE_VERSION "1.2.6"
| #define PACKAGE_STRING "lwpr 1.2.6"
| #define PACKAGE_BUGREPORT "sethu.vijayakumar@ed.ac.uk"
| #define PACKAGE_URL ""
| #define STDC_HEADERS 1
| #define HAVE_SYS_TYPES_H 1
| #define HAVE_SYS_STAT_H 1
| #define HAVE_STDLIB_H 1
| #define HAVE_STRING_H 1
| #define HAVE_MEMORY_H 1
| #define HAVE_STRINGS_H 1
| #define HAVE_INTTYPES_H 1
| #define HAVE_STDINT_H 1
| #define HAVE_UNISTD_H 1
| #define HAVE_DLFCN_H 1
| #define LT_OBJDIR ".libs/"
| #define PACKAGE "lwpr"
| #define VERSION "1.2.6"
| #define HAVE_LIBEXPAT 1
| #define HAVE_LIBM 1
| #define HAVE_LIBPTHREAD 1
| #define HAVE_MEMSET 1
| #define HAVE_STRCASECMP 1
| #define HAVE_STRTOL 1
| #define HAVE_STDLIB_H 1
| #define HAVE_MALLOC 1
| /* end confdefs.h.  */
| #include <stdio.h>
| #ifdef HAVE_SYS_TYPES_H
| # include <sys/types.h>
| #endif
| #ifdef HAVE_SYS_STAT_H
| # include <sys/stat.h>
| #endif
| #ifdef STDC_HEADERS
| # include <stdlib.h>
| # include <stddef.h>
| #else
| # ifdef HAVE_STDLIB_H
| #  include <stdlib.h>
| # endif
| #endif
| #ifdef HAVE_STRING_H
| # if !defined STDC_HEADERS && defined HAVE_MEMORY_H
| #  include <memory.h>
| # endif
| # include <string.h>
| #endif
| #ifdef HAVE_STRINGS_H
| # include <strings.h>
| #endif
| #ifdef HAVE_INTTYPES_H
| # include <inttypes.h>
| #endif
| #ifdef HAVE_STDINT_H
| # include <stdint.h>
| #endif
| #ifdef HAVE_UNISTD_H
| # include <unistd.h>
| #endif
| int
| main ()
| {
| if (sizeof ((_Bool)))
| 	    return 0;
|   ;
|   return 0;
| }
configure:16574: result: yes
configure:16591: checking for ANSI C header files
configure:16695: result: yes
configure:16703: checking whether struct tm is in sys/time.h or time.h
configure:16723: gcc -c -g -O2  conftest.c >&5
configure:16723: $? = 0
configure:16730: result: time.h
configure:16909: checking that generated files are newer than configure
configure:16915: result: done
configure:16942: creating ./config.status

## ---------------------- ##
## Running config.status. ##
## ---------------------- ##

This file was extended by lwpr config.status 1.2.6, which was
generated by GNU Autoconf 2.69.  Invocation command line was

  CONFIG_FILES    = 
  CONFIG_HEADERS  = 
  CONFIG_LINKS    = 
  CONFIG_COMMANDS = 
  $ ./config.status 

on heart-under-blade

config.status:1167: creating Makefile
config.status:1167: creating src/Makefile
config.status:1167: creating include/Makefile
config.status:1167: creating example_c/Makefile
config.status:1167: creating example_cpp/Makefile
config.status:1167: creating tests/Makefile
config.status:1167: creating include/lwpr_config.h
config.status:1348: include/lwpr_config.h is unchanged
config.status:1396: executing libtool commands
config.status:1396: executing depfiles commands

## ---------------- ##
## Cache variables. ##
## ---------------- ##

ac_cv_build=x86_64-unknown-linux-gnu
ac_cv_c_compiler_gnu=yes
ac_cv_c_const=yes
ac_cv_cxx_compiler_gnu=yes
ac_cv_env_CCC_set=
ac_cv_env_CCC_value=
ac_cv_env_CC_set=
ac_cv_env_CC_value=
ac_cv_env_CFLAGS_set=
ac_cv_env_CFLAGS_value=
ac_cv_env_CPPFLAGS_set=
ac_cv_env_CPPFLAGS_value=
ac_cv_env_CPP_set=
ac_cv_env_CPP_value=
ac_cv_env_CXXCPP_set=
ac_cv_env_CXXCPP_value=
ac_cv_env_CXXFLAGS_set=
ac_cv_env_CXXFLAGS_value=
ac_cv_env_CXX_set=
ac_cv_env_CXX_value=
ac_cv_env_LDFLAGS_set=
ac_cv_env_LDFLAGS_value=
ac_cv_env_LIBS_set=
ac_cv_env_LIBS_value=
ac_cv_env_build_alias_set=
ac_cv_env_build_alias_value=
ac_cv_env_host_alias_set=
ac_cv_env_host_alias_value=
ac_cv_env_target_alias_set=
ac_cv_env_target_alias_value=
ac_cv_func_malloc_0_nonnull=yes
ac_cv_func_memset=yes
ac_cv_func_strcasecmp=yes
ac_cv_func_strtod=yes
ac_cv_func_strtol=yes
ac_cv_header_dlfcn_h=yes
ac_cv_header_inttypes_h=yes
ac_cv_header_memory_h=yes
ac_cv_header_stdbool_h=yes
ac_cv_header_stdc=yes
ac_cv_header_stdint_h=yes
ac_cv_header_stdlib_h=yes
ac_cv_header_string_h=yes
ac_cv_header_strings_h=yes
ac_cv_header_sys_stat_h=yes
ac_cv_header_sys_types_h=yes
ac_cv_header_unistd_h=yes
ac_cv_host=x86_64-unknown-linux-gnu
ac_cv_lib_error_at_line=yes
ac_cv_lib_expat_XML_ParserCreate=yes
ac_cv_lib_m_sqrt=yes
ac_cv_lib_pthread_pthread_create=yes
ac_cv_objext=o
ac_cv_path_EGREP='/bin/grep -E'
ac_cv_path_FGREP='/bin/grep -F'
ac_cv_path_GREP=/bin/grep
ac_cv_path_SED=/bin/sed
ac_cv_path_install='/usr/bin/install -c'
ac_cv_path_mkdir=/bin/mkdir
ac_cv_prog_AWK=mawk
ac_cv_prog_CPP='gcc -E'
ac_cv_prog_CXXCPP='g++ -E'
ac_cv_prog_ac_ct_AR=ar
ac_cv_prog_ac_ct_CC=gcc
ac_cv_prog_ac_ct_CXX=g++
ac_cv_prog_ac_ct_MANIFEST_TOOL=mt
ac_cv_prog_ac_ct_OBJDUMP=objdump
ac_cv_prog_ac_ct_RANLIB=ranlib
ac_cv_prog_ac_ct_STRIP=strip
ac_cv_prog_cc_c89=
ac_cv_prog_cc_g=yes
ac_cv_prog_cxx_g=yes
ac_cv_prog_make_make_set=yes
ac_cv_struct_tm=time.h
ac_cv_type__Bool=yes
ac_cv_type_size_t=yes
am_cv_CC_dependencies_compiler_type=gcc3
am_cv_CXX_dependencies_compiler_type=gcc3
am_cv_ar_interface=ar
am_cv_make_support_nested_variables=yes
am_cv_prog_cc_c_o=yes
lt_cv_ar_at_file=@
lt_cv_archive_cmds_need_lc=no
lt_cv_deplibs_check_method=pass_all
lt_cv_file_magic_cmd='$MAGIC_CMD'
lt_cv_file_magic_test_file=
lt_cv_ld_reload_flag=-r
lt_cv_nm_interface='BSD nm'
lt_cv_objdir=.libs
lt_cv_path_LD=/usr/bin/x86_64-linux-gnu-ld
lt_cv_path_LDCXX='/usr/bin/x86_64-linux-gnu-ld -m elf_x86_64'
lt_cv_path_NM='/usr/bin/nm -B'
lt_cv_path_mainfest_tool=no
lt_cv_prog_compiler_c_o=yes
lt_cv_prog_compiler_c_o_CXX=yes
lt_cv_prog_compiler_pic='-fPIC -DPIC'
lt_cv_prog_compiler_pic_CXX='-fPIC -DPIC'
lt_cv_prog_compiler_pic_works=yes
lt_cv_prog_compiler_pic_works_CXX=yes
lt_cv_prog_compiler_rtti_exceptions=no
lt_cv_prog_compiler_static_works=yes
lt_cv_prog_compiler_static_works_CXX=yes
lt_cv_prog_gnu_ld=yes
lt_cv_prog_gnu_ldcxx=yes
lt_cv_sharedlib_from_linklib_cmd='printf %s\n'
lt_cv_shlibpath_overrides_runpath=yes
lt_cv_sys_global_symbol_pipe='sed -n -e '\''s/^.*[	 ]\([ABCDGIRSTW][ABCDGIRSTW]*\)[	 ][	 ]*\([_A-Za-z][_A-Za-z0-9]*\)$/\1 \2 \2/p'\'' | sed '\''/ __gnu_lto/d'\'''
lt_cv_sys_global_symbol_to_c_name_address='sed -n -e '\''s/^: \([^ ]*\)[ ]*$/  {\"\1\", (void *) 0},/p'\'' -e '\''s/^[ABCDGIRSTW]* \([^ ]*\) \([^ ]*\)$/  {"\2", (void *) \&\2},/p'\'''
lt_cv_sys_global_symbol_to_c_name_address_lib_prefix='sed -n -e '\''s/^: \([^ ]*\)[ ]*$/  {\"\1\", (void *) 0},/p'\'' -e '\''s/^[ABCDGIRSTW]* \([^ ]*\) \(lib[^ ]*\)$/  {"\2", (void *) \&\2},/p'\'' -e '\''s/^[ABCDGIRSTW]* \([^ ]*\) \([^ ]*\)$/  {"lib\2", (void *) \&\2},/p'\'''
lt_cv_sys_global_symbol_to_cdecl='sed -n -e '\''s/^T .* \(.*\)$/extern int \1();/p'\'' -e '\''s/^[ABCDGIRSTW]* .* \(.*\)$/extern char \1;/p'\'''
lt_cv_sys_max_cmd_len=1572864
lt_cv_to_host_file_cmd=func_convert_file_noop
lt_cv_to_tool_file_cmd=func_convert_file_noop

## ----------------- ##
## Output variables. ##
## ----------------- ##

ACLOCAL='${SHELL} /home/olalekan/catkin_ws/src/torobo/lwpr/build-aux/missing aclocal-1.15'
AMDEPBACKSLASH='\'
AMDEP_FALSE='#'
AMDEP_TRUE=''
AMTAR='$${TAR-tar}'
AM_BACKSLASH='\'
AM_DEFAULT_V='$(AM_DEFAULT_VERBOSITY)'
AM_DEFAULT_VERBOSITY='1'
AM_V='$(V)'
AR='ar'
AUTOCONF='${SHELL} /home/olalekan/catkin_ws/src/torobo/lwpr/build-aux/missing autoconf'
AUTOHEADER='${SHELL} /home/olalekan/catkin_ws/src/torobo/lwpr/build-aux/missing autoheader'
AUTOMAKE='${SHELL} /home/olalekan/catkin_ws/src/torobo/lwpr/build-aux/missing automake-1.15'
AWK='mawk'
CC='gcc'
CCDEPMODE='depmode=gcc3'
CFLAGS='-g -O2'
CPP='gcc -E'
CPPFLAGS=''
CXX='g++'
CXXCPP='g++ -E'
CXXDEPMODE='depmode=gcc3'
CXXFLAGS='-g -O2'
CYGPATH_W='echo'
DEFS='-DHAVE_CONFIG_H'
DEPDIR='.deps'
DLLTOOL='false'
DSYMUTIL=''
DUMPBIN=''
ECHO_C=''
ECHO_N='-n'
ECHO_T=''
EGREP='/bin/grep -E'
EXEEXT=''
FGREP='/bin/grep -F'
GREP='/bin/grep'
INSTALL_DATA='${INSTALL} -m 644'
INSTALL_PROGRAM='${INSTALL}'
INSTALL_SCRIPT='${INSTALL}'
INSTALL_STRIP_PROGRAM='$(install_sh) -c -s'
LD='/usr/bin/x86_64-linux-gnu-ld -m elf_x86_64'
LDFLAGS=''
LIBOBJS=''
LIBS='-lpthread -lm -lexpat '
LIBTOOL='$(SHELL) $(top_builddir)/libtool'
LIPO=''
LN_S='ln -s'
LTLIBOBJS=''
MAKEINFO='${SHELL} /home/olalekan/catkin_ws/src/torobo/lwpr/build-aux/missing makeinfo'
MANIFEST_TOOL=':'
MATLAB_PATH=''
MEXSUB=''
MKDIR_P='/bin/mkdir -p'
NM='/usr/bin/nm -B'
NMEDIT=''
OBJDUMP='objdump'
OBJEXT='o'
OCTAVE_PATH=''
OCTINCLUDEPATH=''
OCTSUB=''
OTOOL64=''
OTOOL=''
PACKAGE='lwpr'
PACKAGE_BUGREPORT='sethu.vijayakumar@ed.ac.uk'
PACKAGE_NAME='lwpr'
PACKAGE_STRING='lwpr 1.2.6'
PACKAGE_TARNAME='lwpr'
PACKAGE_URL=''
PACKAGE_VERSION='1.2.6'
PATH_SEPARATOR=':'
POW_LIB=''
RANLIB='ranlib'
SED='/bin/sed'
SET_MAKE=''
SHELL='/bin/bash'
STRIP='strip'
VERSION='1.2.6'
ac_ct_AR='ar'
ac_ct_CC='gcc'
ac_ct_CXX='g++'
ac_ct_DUMPBIN=''
am__EXEEXT_FALSE=''
am__EXEEXT_TRUE='#'
am__fastdepCC_FALSE='#'
am__fastdepCC_TRUE=''
am__fastdepCXX_FALSE='#'
am__fastdepCXX_TRUE=''
am__include='include'
am__isrc=''
am__leading_dot='.'
am__nodep='_no'
am__quote=''
am__tar='$${TAR-tar} chof - "$$tardir"'
am__untar='$${TAR-tar} xf -'
bindir='${exec_prefix}/bin'
build='x86_64-unknown-linux-gnu'
build_alias=''
build_cpu='x86_64'
build_os='linux-gnu'
build_vendor='unknown'
datadir='${datarootdir}'
datarootdir='${prefix}/share'
docdir='${datarootdir}/doc/${PACKAGE_TARNAME}'
dvidir='${docdir}'
exec_prefix='${prefix}'
host='x86_64-unknown-linux-gnu'
host_alias=''
host_cpu='x86_64'
host_os='linux-gnu'
host_vendor='unknown'
htmldir='${docdir}'
includedir='${prefix}/include'
infodir='${datarootdir}/info'
install_sh='${SHELL} /home/olalekan/catkin_ws/src/torobo/lwpr/build-aux/install-sh'
libdir='${exec_prefix}/lib'
libexecdir='${exec_prefix}/libexec'
localedir='${datarootdir}/locale'
localstatedir='${prefix}/var'
mandir='${datarootdir}/man'
mkdir_p='$(MKDIR_P)'
oldincludedir='/usr/include'
pdfdir='${docdir}'
prefix='/usr/local'
program_transform_name='s,x,x,'
psdir='${docdir}'
runstatedir='${localstatedir}/run'
sbindir='${exec_prefix}/sbin'
sharedstatedir='${prefix}/com'
sysconfdir='${prefix}/etc'
target_alias=''

## ----------- ##
## confdefs.h. ##
## ----------- ##

/* confdefs.h */
#define PACKAGE_NAME "lwpr"
#define PACKAGE_TARNAME "lwpr"
#define PACKAGE_VERSION "1.2.6"
#define PACKAGE_STRING "lwpr 1.2.6"
#define PACKAGE_BUGREPORT "sethu.vijayakumar@ed.ac.uk"
#define PACKAGE_URL ""
#define STDC_HEADERS 1
#define HAVE_SYS_TYPES_H 1
#define HAVE_SYS_STAT_H 1
#define HAVE_STDLIB_H 1
#define HAVE_STRING_H 1
#define HAVE_MEMORY_H 1
#define HAVE_STRINGS_H 1
#define HAVE_INTTYPES_H 1
#define HAVE_STDINT_H 1
#define HAVE_UNISTD_H 1
#define HAVE_DLFCN_H 1
#define LT_OBJDIR ".libs/"
#define PACKAGE "lwpr"
#define VERSION "1.2.6"
#define HAVE_LIBEXPAT 1
#define HAVE_LIBM 1
#define HAVE_LIBPTHREAD 1
#define HAVE_MEMSET 1
#define HAVE_STRCASECMP 1
#define HAVE_STRTOL 1
#define HAVE_STDLIB_H 1
#define HAVE_MALLOC 1
#define HAVE__BOOL 1
#define HAVE_STDBOOL_H 1
#define STDC_HEADERS 1
#define NUM_THREADS 8

configure: exit 0
